2020.06.21 13:25:12.226 INFO  Model.MyModel - Servers are up
2020.06.21 13:32:16.147 INFO  Model.MyModel - Servers are up
2020.06.21 13:32:18.460 INFO  Model.MyModel - Maze generated: 10 rows and 10 cols
2020.06.21 13:32:30.377 INFO  Model.MyModel - Servers are stopped
2020.06.21 13:34:46.485 INFO  Model.MyModel - Servers are up
2020.06.21 13:34:49.981 INFO  Model.MyModel - Maze generated: 10 rows and 10 cols
2020.06.21 13:35:00.256 INFO  Model.MyModel - Generated algorithm: EmptyMazeGenerator
2020.06.21 13:35:00.256 INFO  Model.MyModel - Solving algorithm: BestFirstSearch
2020.06.21 13:35:02.980 INFO  Model.MyModel - Generated algorithm: EmptyMazeGenerator
2020.06.21 13:35:02.981 INFO  Model.MyModel - Solving algorithm: DepthFirstSearch
2020.06.21 13:38:11.965 INFO  Model.MyModel - Servers are up
2020.06.21 13:38:14.249 INFO  Model.MyModel - Maze generated: 10 rows and 10 cols
2020.06.21 13:38:16.081 INFO  Model.MyModel - Client: Client.Client@5f0adb9a, asked for a solution
2020.06.21 13:38:28.630 INFO  Model.MyModel - Generated algorithm: MyMazeGenerator
2020.06.21 13:38:28.630 INFO  Model.MyModel - Solving algorithm: BestFirstSearch
2020.06.21 13:38:31.435 INFO  Model.MyModel - Client: Client.Client@15c1f4c6, asked for a solution
2020.06.21 13:38:34.095 INFO  Model.MyModel - Maze generated: 10 rows and 10 cols
2020.06.21 13:38:39.186 INFO  Model.MyModel - Client: Client.Client@38afd454, asked for a solution
2020.06.21 13:38:42.199 INFO  Model.MyModel - Client: Client.Client@27df3bbe, asked for a solution
2020.06.21 13:38:42.910 INFO  Model.MyModel - Client: Client.Client@4daff454, asked for a solution
2020.06.21 13:38:43.563 INFO  Model.MyModel - Client: Client.Client@5cbbb03e, asked for a solution
2020.06.21 13:38:44.094 INFO  Model.MyModel - Client: Client.Client@6e3e01ba, asked for a solution
2020.06.21 13:38:44.627 INFO  Model.MyModel - Client: Client.Client@30b47bff, asked for a solution
2020.06.21 13:43:19.782 INFO  Model.MyModel - Servers are up
2020.06.21 13:43:47.151 INFO  Model.MyModel - Servers are up
2020.06.21 13:43:49.859 INFO  Model.MyModel - Client: Client.Client@307b60f0 asked for a new maze.
2020.06.21 13:43:49.876 INFO  Model.MyModel - Maze generated: 10 rows and 10 cols
2020.06.21 13:44:14.337 INFO  Model.MyModel - Servers are up
2020.06.21 13:45:45.581 INFO  Model.MyModel - Servers are up
2020.06.21 13:47:12.818 INFO  Model.MyModel - Servers are up
2020.06.21 13:47:21.206 INFO  Model.MyModel - Client: Client.Client@1226ba82 asked for a new maze.
2020.06.21 13:47:21.221 INFO  Model.MyModel - Maze generated: 10 rows and 10 cols
2020.06.21 13:47:23.107 INFO  Model.MyModel - Client: Client.Client@730a71db asked for a new maze.
2020.06.21 13:47:23.111 INFO  Model.MyModel - Maze generated: 10 rows and 10 cols
2020.06.21 13:47:24.895 INFO  Model.MyModel - Client: Client.Client@4a01677c asked for a new maze.
2020.06.21 13:47:24.899 INFO  Model.MyModel - Maze generated: 10 rows and 10 cols
2020.06.21 13:47:28.833 INFO  Model.MyModel - Client: Client.Client@36838926 asked for a new maze.
2020.06.21 13:47:28.882 INFO  Model.MyModel - Maze generated: 1000 rows and 10 cols
2020.06.21 13:47:35.356 INFO  Model.MyModel - Client: Client.Client@4f136d7c asked for a new maze.
2020.06.21 13:47:35.358 INFO  Model.MyModel - Maze generated: 5 rows and 10 cols
2020.06.21 13:47:36.078 INFO  Model.MyModel - Client: Client.Client@42b63772, asked for a solution
2020.06.21 13:47:36.781 INFO  Model.MyModel - Client: Client.Client@6ddf6b7f asked for a new maze.
2020.06.21 13:47:36.783 INFO  Model.MyModel - Maze generated: 5 rows and 10 cols
2020.06.21 13:47:37.259 INFO  Model.MyModel - Client: Client.Client@1464bd36, asked for a solution
2020.06.21 13:47:37.897 INFO  Model.MyModel - Client: Client.Client@4a2410a4 asked for a new maze.
2020.06.21 13:47:37.899 INFO  Model.MyModel - Maze generated: 5 rows and 10 cols
2020.06.21 13:47:38.321 INFO  Model.MyModel - Client: Client.Client@63737ad1, asked for a solution
2020.06.21 13:47:38.740 INFO  Model.MyModel - Client: Client.Client@51d61e4e, asked for a solution
2020.06.21 13:47:53.296 INFO  Model.MyModel - Client: Client.Client@8efaace, asked for a solution
2020.06.21 13:48:08.055 INFO  Model.MyModel - Client: Client.Client@7706258e asked for a new maze.
2020.06.21 13:48:08.057 INFO  Model.MyModel - Maze generated: 5 rows and 10 cols
2020.06.21 13:48:11.657 INFO  Model.MyModel - Client: Client.Client@68947362, asked for a solution
2020.06.21 13:53:04.993 INFO  Model.MyModel - Servers are up
2020.06.21 13:53:07.789 INFO  Model.MyModel - Client: Client.Client@3e7efcfb asked for a new maze.
2020.06.21 13:53:07.806 INFO  Model.MyModel - Maze generated: 10 rows and 10 cols
2020.06.21 13:58:27.580 INFO  Model.MyModel - Servers are up
2020.06.21 13:58:34.200 WARN  View.MyViewController - Invalid input
2020.06.21 14:02:24.271 INFO  Model.MyModel - Servers are up
2020.06.21 14:02:27.786 INFO  Model.MyModel - Client: Client.Client@67c3a906 asked for a new maze.
2020.06.21 14:02:27.799 INFO  Model.MyModel - Maze generated: 10 rows and 10 cols
2020.06.21 14:02:39.159 INFO  Model.MyModel - Client: Client.Client@7a95046e, asked for a solution
2020.06.21 14:02:40.972 INFO  Model.MyModel - Client: Client.Client@2a6ceb41, asked for a solution
2020.06.21 14:02:41.223 INFO  Model.MyModel - Client: Client.Client@6d03aa82, asked for a solution
2020.06.21 14:02:41.407 INFO  Model.MyModel - Client: Client.Client@5a19f93a, asked for a solution
2020.06.21 14:02:41.595 INFO  Model.MyModel - Client: Client.Client@416c8912, asked for a solution
2020.06.21 14:02:41.784 INFO  Model.MyModel - Client: Client.Client@53b59159, asked for a solution
2020.06.21 14:02:42.033 INFO  Model.MyModel - Client: Client.Client@389da32d, asked for a solution
2020.06.21 14:02:42.221 INFO  Model.MyModel - Client: Client.Client@3571d311, asked for a solution
2020.06.21 14:02:43.096 INFO  Model.MyModel - Client: Client.Client@4a4799c5, asked for a solution
2020.06.21 14:02:43.348 INFO  Model.MyModel - Client: Client.Client@7ca3dab5, asked for a solution
2020.06.21 14:02:43.533 INFO  Model.MyModel - Client: Client.Client@74a220bb, asked for a solution
2020.06.21 14:02:43.721 INFO  Model.MyModel - Client: Client.Client@36c4a630, asked for a solution
2020.06.21 14:02:43.910 INFO  Model.MyModel - Client: Client.Client@48026b30, asked for a solution
2020.06.21 14:02:44.034 INFO  Model.MyModel - Client: Client.Client@534aad1b, asked for a solution
2020.06.21 14:02:44.284 INFO  Model.MyModel - Client: Client.Client@35ac1a5b, asked for a solution
2020.06.21 14:02:44.472 INFO  Model.MyModel - Client: Client.Client@24b5d5bc, asked for a solution
2020.06.21 14:02:44.659 INFO  Model.MyModel - Client: Client.Client@75c9824d, asked for a solution
2020.06.21 14:02:44.848 INFO  Model.MyModel - Client: Client.Client@76a6e2cc, asked for a solution
2020.06.21 14:02:45.036 INFO  Model.MyModel - Client: Client.Client@5c775bea, asked for a solution
2020.06.21 14:04:02.743 INFO  Model.MyModel - Servers are up
2020.06.21 14:04:06.052 INFO  Model.MyModel - Client: Client.Client@fb2cb5c asked for a new maze.
2020.06.21 14:04:06.065 INFO  Model.MyModel - Maze generated: 10 rows and 10 cols
2020.06.21 14:04:20.989 INFO  Model.MyModel - Maze solved
2020.06.21 14:04:25.181 INFO  Model.MyModel - Servers are stopped
2020.06.21 14:10:18.177 INFO  Model.MyModel - Servers are up
2020.06.21 14:10:21.117 INFO  Model.MyModel - Client: Client.Client@7e2d3759 asked for a new maze.
2020.06.21 14:10:21.132 INFO  Model.MyModel - Maze generated: 10 rows and 10 cols
2020.06.21 14:10:29.552 INFO  Model.MyModel - Maze solved
2020.06.21 14:10:31.716 INFO  Model.MyModel - Client: Client.Client@1c5b6a7 asked for a new maze.
2020.06.21 14:10:31.720 INFO  Model.MyModel - Maze generated: 10 rows and 10 cols
2020.06.21 14:10:33.454 INFO  Model.MyModel - Client: Client.Client@6b13792a, asked for a solution
2020.06.21 14:10:34.157 INFO  Model.MyModel - Client: Client.Client@d53da4b, asked for a solution
2020.06.21 14:10:34.372 INFO  Model.MyModel - Client: Client.Client@46a7f120, asked for a solution
2020.06.21 14:10:34.503 INFO  Model.MyModel - Client: Client.Client@cf58e4a, asked for a solution
2020.06.21 14:10:36.463 INFO  Model.MyModel - Client: Client.Client@46cc08d3, asked for a solution
2020.06.21 14:10:37.123 INFO  Model.MyModel - Client: Client.Client@4df58c7e, asked for a solution
2020.06.21 14:10:37.499 INFO  Model.MyModel - Client: Client.Client@3f101dc6, asked for a solution
2020.06.21 14:10:37.857 INFO  Model.MyModel - Client: Client.Client@5b1be840, asked for a solution
2020.06.21 14:10:38.224 INFO  Model.MyModel - Client: Client.Client@1ee42962, asked for a solution
2020.06.21 14:10:38.520 INFO  Model.MyModel - Client: Client.Client@271ba704, asked for a solution
2020.06.21 14:10:38.847 INFO  Model.MyModel - Client: Client.Client@32e8c2fb, asked for a solution
2020.06.21 14:10:39.516 INFO  Model.MyModel - Client: Client.Client@75a8537d, asked for a solution
2020.06.21 14:10:39.677 INFO  Model.MyModel - Client: Client.Client@4318762b, asked for a solution
2020.06.21 14:10:41.154 INFO  Model.MyModel - Client: Client.Client@eb12720 asked for a new maze.
2020.06.21 14:10:41.157 INFO  Model.MyModel - Maze generated: 10 rows and 10 cols
2020.06.21 14:10:41.977 INFO  Model.MyModel - Client: Client.Client@4f1f4bc0 asked for a new maze.
2020.06.21 14:10:41.980 INFO  Model.MyModel - Maze generated: 10 rows and 10 cols
2020.06.21 14:10:42.374 INFO  Model.MyModel - Client: Client.Client@73cb656d asked for a new maze.
2020.06.21 14:10:42.377 INFO  Model.MyModel - Maze generated: 10 rows and 10 cols
2020.06.21 14:10:42.534 INFO  Model.MyModel - Client: Client.Client@5ec36034 asked for a new maze.
2020.06.21 14:10:42.537 INFO  Model.MyModel - Maze generated: 10 rows and 10 cols
2020.06.21 14:10:42.695 INFO  Model.MyModel - Client: Client.Client@641636b7 asked for a new maze.
2020.06.21 14:10:42.698 INFO  Model.MyModel - Maze generated: 10 rows and 10 cols
2020.06.21 14:10:42.838 INFO  Model.MyModel - Client: Client.Client@23fe9cde asked for a new maze.
2020.06.21 14:10:42.840 INFO  Model.MyModel - Maze generated: 10 rows and 10 cols
2020.06.21 14:10:44.386 INFO  Model.MyModel - Client: Client.Client@126c7267 asked for a new maze.
2020.06.21 14:10:44.389 INFO  Model.MyModel - Maze generated: 10 rows and 10 cols
2020.06.21 14:10:44.516 INFO  Model.MyModel - Client: Client.Client@19f028c0 asked for a new maze.
2020.06.21 14:10:44.519 INFO  Model.MyModel - Maze generated: 10 rows and 10 cols
2020.06.21 14:10:45.767 INFO  Model.MyModel - Client: Client.Client@4a977eb9, asked for a solution
2020.06.21 14:10:46.071 INFO  Model.MyModel - Client: Client.Client@6e233018, asked for a solution
2020.06.21 14:10:46.355 INFO  Model.MyModel - Client: Client.Client@7a6c7234, asked for a solution
2020.06.21 14:10:46.655 INFO  Model.MyModel - Client: Client.Client@19fa5a06, asked for a solution
2020.06.21 14:10:46.927 INFO  Model.MyModel - Client: Client.Client@75682714, asked for a solution
2020.06.21 14:10:48.033 INFO  Model.MyModel - Client: Client.Client@1778d6d9, asked for a solution
2020.06.21 14:10:48.380 INFO  Model.MyModel - Client: Client.Client@54a1067e asked for a new maze.
2020.06.21 14:10:48.382 INFO  Model.MyModel - Maze generated: 10 rows and 10 cols
2020.06.21 14:10:48.506 INFO  Model.MyModel - Client: Client.Client@3869b9a0, asked for a solution
2020.06.21 14:10:48.574 INFO  Model.MyModel - Client: Client.Client@598de4d8 asked for a new maze.
2020.06.21 14:10:48.576 INFO  Model.MyModel - Maze generated: 10 rows and 10 cols
2020.06.21 14:10:48.623 INFO  Model.MyModel - Client: Client.Client@50b1739, asked for a solution
2020.06.21 14:10:48.684 INFO  Model.MyModel - Client: Client.Client@6dc83bf6 asked for a new maze.
2020.06.21 14:10:48.688 INFO  Model.MyModel - Maze generated: 10 rows and 10 cols
2020.06.21 14:10:48.806 INFO  Model.MyModel - Client: Client.Client@4d590334, asked for a solution
2020.06.21 14:10:48.884 INFO  Model.MyModel - Client: Client.Client@b6e5bac, asked for a solution
2020.06.21 14:10:48.928 INFO  Model.MyModel - Client: Client.Client@48cb9449, asked for a solution
2020.06.21 14:10:49.141 INFO  Model.MyModel - Client: Client.Client@72888c69 asked for a new maze.
2020.06.21 14:10:49.143 INFO  Model.MyModel - Maze generated: 10 rows and 10 cols
2020.06.21 14:10:49.275 INFO  Model.MyModel - Client: Client.Client@549f1137 asked for a new maze.
2020.06.21 14:10:49.278 INFO  Model.MyModel - Maze generated: 10 rows and 10 cols
2020.06.21 14:10:49.730 INFO  Model.MyModel - Client: Client.Client@e38c33b asked for a new maze.
2020.06.21 14:10:49.732 INFO  Model.MyModel - Maze generated: 10 rows and 10 cols
2020.06.21 14:10:50.197 INFO  Model.MyModel - Client: Client.Client@d9fbeab, asked for a solution
2020.06.21 14:10:50.236 INFO  Model.MyModel - Client: Client.Client@714f637d, asked for a solution
2020.06.21 14:10:50.303 INFO  Model.MyModel - Client: Client.Client@2aa31fa9, asked for a solution
2020.06.21 14:10:50.367 INFO  Model.MyModel - Client: Client.Client@1a6fe369, asked for a solution
2020.06.21 14:10:50.481 INFO  Model.MyModel - Client: Client.Client@161af778, asked for a solution
2020.06.21 14:10:50.513 INFO  Model.MyModel - Client: Client.Client@78ba1b36, asked for a solution
2020.06.21 14:10:50.653 INFO  Model.MyModel - Client: Client.Client@73974d7f asked for a new maze.
2020.06.21 14:10:50.655 INFO  Model.MyModel - Maze generated: 10 rows and 10 cols
2020.06.21 14:10:50.805 INFO  Model.MyModel - Client: Client.Client@481a7839, asked for a solution
2020.06.21 14:10:50.866 INFO  Model.MyModel - Client: Client.Client@1f56a8e5, asked for a solution
2020.06.21 14:10:50.922 INFO  Model.MyModel - Client: Client.Client@18c95449, asked for a solution
2020.06.21 14:10:50.987 INFO  Model.MyModel - Client: Client.Client@4548e0f5 asked for a new maze.
2020.06.21 14:10:50.989 INFO  Model.MyModel - Maze generated: 10 rows and 10 cols
2020.06.21 14:10:51.022 INFO  Model.MyModel - Client: Client.Client@2c19dc08, asked for a solution
2020.06.21 14:10:51.094 INFO  Model.MyModel - Client: Client.Client@58a4f22c, asked for a solution
2020.06.21 14:10:51.157 INFO  Model.MyModel - Client: Client.Client@1852c492 asked for a new maze.
2020.06.21 14:10:51.161 INFO  Model.MyModel - Maze generated: 10 rows and 10 cols
2020.06.21 14:10:51.281 INFO  Model.MyModel - Client: Client.Client@6bbab277, asked for a solution
2020.06.21 14:10:51.367 INFO  Model.MyModel - Client: Client.Client@5844066, asked for a solution
2020.06.21 14:10:51.425 INFO  Model.MyModel - Client: Client.Client@1e3215d6, asked for a solution
2020.06.21 14:10:51.493 INFO  Model.MyModel - Client: Client.Client@d72579b, asked for a solution
2020.06.21 14:10:51.572 INFO  Model.MyModel - Client: Client.Client@65ae5646, asked for a solution
2020.06.21 14:10:51.630 INFO  Model.MyModel - Client: Client.Client@6746b910, asked for a solution
2020.06.21 14:10:51.692 INFO  Model.MyModel - Client: Client.Client@2d1963fe, asked for a solution
2020.06.21 14:10:51.759 INFO  Model.MyModel - Client: Client.Client@6aa78064, asked for a solution
2020.06.21 14:10:51.820 INFO  Model.MyModel - Client: Client.Client@3b3f1418, asked for a solution
2020.06.21 14:10:51.884 INFO  Model.MyModel - Client: Client.Client@5faac3ba, asked for a solution
2020.06.21 14:10:51.947 INFO  Model.MyModel - Client: Client.Client@ba99713, asked for a solution
2020.06.21 14:10:52.006 INFO  Model.MyModel - Client: Client.Client@72542395, asked for a solution
2020.06.21 14:10:52.068 INFO  Model.MyModel - Client: Client.Client@14062d7f asked for a new maze.
2020.06.21 14:10:52.071 INFO  Model.MyModel - Maze generated: 10 rows and 10 cols
2020.06.21 14:10:52.211 INFO  Model.MyModel - Client: Client.Client@24ac8718, asked for a solution
2020.06.21 14:10:52.272 INFO  Model.MyModel - Client: Client.Client@ed9bd54 asked for a new maze.
2020.06.21 14:10:52.276 INFO  Model.MyModel - Maze generated: 10 rows and 10 cols
2020.06.21 14:10:52.409 INFO  Model.MyModel - Client: Client.Client@172312a6, asked for a solution
2020.06.21 14:10:52.512 INFO  Model.MyModel - Client: Client.Client@561edff9, asked for a solution
2020.06.21 14:10:52.577 INFO  Model.MyModel - Client: Client.Client@724f3ae1, asked for a solution
2020.06.21 14:10:52.617 INFO  Model.MyModel - Client: Client.Client@68a8b768, asked for a solution
2020.06.21 14:10:52.692 INFO  Model.MyModel - Client: Client.Client@22d4c413, asked for a solution
2020.06.21 14:10:52.755 INFO  Model.MyModel - Client: Client.Client@38a281cc, asked for a solution
2020.06.21 14:10:54.156 INFO  Model.MyModel - Client: Client.Client@222dec35 asked for a new maze.
2020.06.21 14:10:54.157 INFO  Model.MyModel - Maze generated: 10 rows and 10 cols
2020.06.21 14:10:55.187 INFO  Model.MyModel - Client: Client.Client@47281951, asked for a solution
2020.06.21 14:10:55.600 INFO  Model.MyModel - Client: Client.Client@54367804, asked for a solution
2020.06.21 14:10:55.695 INFO  Model.MyModel - Client: Client.Client@68ac56e7 asked for a new maze.
2020.06.21 14:10:55.697 INFO  Model.MyModel - Maze generated: 10 rows and 10 cols
2020.06.21 14:10:56.321 INFO  Model.MyModel - Client: Client.Client@8336b66, asked for a solution
2020.06.21 14:10:57.057 INFO  Model.MyModel - Client: Client.Client@1f1fb030 asked for a new maze.
2020.06.21 14:10:57.065 INFO  Model.MyModel - Maze generated: 10 rows and 10 cols
2020.06.21 14:10:57.400 INFO  Model.MyModel - Client: Client.Client@c42ef01, asked for a solution
2020.06.21 14:10:58.009 INFO  Model.MyModel - Client: Client.Client@5a3a09c9 asked for a new maze.
2020.06.21 14:10:58.011 INFO  Model.MyModel - Maze generated: 10 rows and 10 cols
2020.06.21 14:10:58.313 INFO  Model.MyModel - Client: Client.Client@59dbfa42, asked for a solution
2020.06.21 14:10:59.037 INFO  Model.MyModel - Client: Client.Client@767865ed asked for a new maze.
2020.06.21 14:10:59.039 INFO  Model.MyModel - Maze generated: 10 rows and 10 cols
2020.06.21 14:10:59.582 INFO  Model.MyModel - Client: Client.Client@4101ca39, asked for a solution
2020.06.21 14:11:00.226 INFO  Model.MyModel - Client: Client.Client@38fb8feb asked for a new maze.
2020.06.21 14:11:00.228 INFO  Model.MyModel - Maze generated: 10 rows and 10 cols
2020.06.21 14:11:00.894 INFO  Model.MyModel - Client: Client.Client@73e6bd05, asked for a solution
2020.06.21 14:11:02.003 INFO  Model.MyModel - Client: Client.Client@4019351c asked for a new maze.
2020.06.21 14:11:02.005 INFO  Model.MyModel - Maze generated: 10 rows and 10 cols
2020.06.21 14:11:02.883 INFO  Model.MyModel - Client: Client.Client@4e1a9d44 asked for a new maze.
2020.06.21 14:11:02.885 INFO  Model.MyModel - Maze generated: 10 rows and 10 cols
2020.06.21 14:11:03.427 INFO  Model.MyModel - Client: Client.Client@26a86ed9, asked for a solution
2020.06.21 14:11:03.920 INFO  Model.MyModel - Client: Client.Client@55510c50 asked for a new maze.
2020.06.21 14:11:03.922 INFO  Model.MyModel - Maze generated: 10 rows and 10 cols
2020.06.21 14:11:04.196 INFO  Model.MyModel - Client: Client.Client@5beb9e24, asked for a solution
2020.06.21 14:11:04.805 INFO  Model.MyModel - Client: Client.Client@9660775 asked for a new maze.
2020.06.21 14:11:04.807 INFO  Model.MyModel - Maze generated: 10 rows and 10 cols
2020.06.21 14:11:05.292 INFO  Model.MyModel - Client: Client.Client@95b3760, asked for a solution
2020.06.21 14:11:06.013 INFO  Model.MyModel - Client: Client.Client@10a82826 asked for a new maze.
2020.06.21 14:11:06.015 INFO  Model.MyModel - Maze generated: 10 rows and 10 cols
2020.06.21 14:11:06.605 INFO  Model.MyModel - Client: Client.Client@1cb510b8, asked for a solution
2020.06.21 14:11:08.082 INFO  Model.MyModel - Client: Client.Client@128269af asked for a new maze.
2020.06.21 14:11:08.084 INFO  Model.MyModel - Maze generated: 10 rows and 10 cols
2020.06.21 14:11:09.718 INFO  Model.MyModel - Client: Client.Client@29b44a44, asked for a solution
2020.06.21 14:11:11.118 INFO  Model.MyModel - Client: Client.Client@44f0a891, asked for a solution
2020.06.21 14:11:11.451 INFO  Model.MyModel - Client: Client.Client@2e178521 asked for a new maze.
2020.06.21 14:11:11.452 INFO  Model.MyModel - Maze generated: 10 rows and 10 cols
2020.06.21 14:11:12.584 INFO  Model.MyModel - Client: Client.Client@7eb4cff0 asked for a new maze.
2020.06.21 14:11:12.586 INFO  Model.MyModel - Maze generated: 10 rows and 10 cols
2020.06.21 14:11:13.244 INFO  Model.MyModel - Client: Client.Client@60ca1079, asked for a solution
2020.06.21 14:11:13.748 INFO  Model.MyModel - Client: Client.Client@17fad916 asked for a new maze.
2020.06.21 14:11:13.750 INFO  Model.MyModel - Maze generated: 10 rows and 10 cols
2020.06.21 14:11:14.200 INFO  Model.MyModel - Client: Client.Client@5250fc49, asked for a solution
2020.06.21 14:11:14.749 INFO  Model.MyModel - Client: Client.Client@7c210579 asked for a new maze.
2020.06.21 14:11:14.751 INFO  Model.MyModel - Maze generated: 10 rows and 10 cols
2020.06.21 14:11:15.241 INFO  Model.MyModel - Client: Client.Client@4293deca, asked for a solution
2020.06.21 14:11:15.885 INFO  Model.MyModel - Client: Client.Client@7814ba02 asked for a new maze.
2020.06.21 14:11:15.887 INFO  Model.MyModel - Maze generated: 10 rows and 10 cols
2020.06.21 14:11:16.463 INFO  Model.MyModel - Client: Client.Client@7efa8ae5, asked for a solution
2020.06.21 14:11:17.026 INFO  Model.MyModel - Client: Client.Client@1ba44fce asked for a new maze.
2020.06.21 14:11:17.028 INFO  Model.MyModel - Maze generated: 10 rows and 10 cols
2020.06.21 14:11:17.527 INFO  Model.MyModel - Client: Client.Client@7d11bc9, asked for a solution
2020.06.21 14:11:18.095 INFO  Model.MyModel - Client: Client.Client@28f222ef asked for a new maze.
2020.06.21 14:11:18.096 INFO  Model.MyModel - Maze generated: 10 rows and 10 cols
2020.06.21 14:11:19.623 INFO  Model.MyModel - Client: Client.Client@41538d8d asked for a new maze.
2020.06.21 14:11:19.624 INFO  Model.MyModel - Maze generated: 10 rows and 10 cols
2020.06.21 14:11:20.335 INFO  Model.MyModel - Client: Client.Client@363f8d7e asked for a new maze.
2020.06.21 14:11:20.337 INFO  Model.MyModel - Maze generated: 10 rows and 10 cols
2020.06.21 14:11:21.228 INFO  Model.MyModel - Client: Client.Client@5b1ed4d0, asked for a solution
2020.06.21 14:11:21.697 INFO  Model.MyModel - Client: Client.Client@1cc87385 asked for a new maze.
2020.06.21 14:11:21.698 INFO  Model.MyModel - Maze generated: 10 rows and 10 cols
2020.06.21 14:11:22.436 INFO  Model.MyModel - Client: Client.Client@3347cdf5, asked for a solution
2020.06.21 14:11:32.555 INFO  Model.MyModel - Client: Client.Client@48246ee4 asked for a new maze.
2020.06.21 14:11:32.557 INFO  Model.MyModel - Maze generated: 10 rows and 10 cols
2020.06.21 14:11:37.727 INFO  Model.MyModel - Client: Client.Client@4c51057d, asked for a solution
2020.06.21 14:11:45.131 INFO  Model.MyModel - Servers are up
2020.06.21 14:11:47.182 INFO  Model.MyModel - Client: Client.Client@64297392 asked for a new maze.
2020.06.21 14:11:47.195 INFO  Model.MyModel - Maze generated: 10 rows and 10 cols
2020.06.21 14:11:47.933 INFO  Model.MyModel - Client: Client.Client@7c0ab4bc, asked for a solution
2020.06.21 14:11:48.654 INFO  Model.MyModel - Client: Client.Client@54b8c6c6 asked for a new maze.
2020.06.21 14:11:48.657 INFO  Model.MyModel - Maze generated: 10 rows and 10 cols
2020.06.21 14:11:49.887 INFO  Model.MyModel - Client: Client.Client@36a0fab2, asked for a solution
2020.06.21 14:11:52.743 INFO  Model.MyModel - Client: Client.Client@66c8b308, asked for a solution
2020.06.21 14:11:53.311 INFO  Model.MyModel - Client: Client.Client@7421f51a asked for a new maze.
2020.06.21 14:11:53.314 INFO  Model.MyModel - Maze generated: 10 rows and 10 cols
2020.06.21 14:11:55.712 INFO  Model.MyModel - Client: Client.Client@6d636af7, asked for a solution
2020.06.21 14:11:56.789 INFO  Model.MyModel - Client: Client.Client@1cc927f0 asked for a new maze.
2020.06.21 14:11:56.793 INFO  Model.MyModel - Maze generated: 10 rows and 10 cols
2020.06.21 14:11:58.365 INFO  Model.MyModel - Client: Client.Client@369d7f85, asked for a solution
2020.06.21 14:12:40.530 INFO  Model.MyModel - Client: Client.Client@9e4fa9a asked for a new maze.
2020.06.21 14:12:40.533 INFO  Model.MyModel - Maze generated: 10 rows and 10 cols
2020.06.21 14:12:43.947 INFO  Model.MyModel - Client: Client.Client@4b4ce3c3 asked for a new maze.
2020.06.21 14:12:43.950 INFO  Model.MyModel - Maze generated: 10 rows and 10 cols
2020.06.21 14:12:44.687 INFO  Model.MyModel - Client: Client.Client@30dbc0ec asked for a new maze.
2020.06.21 14:12:44.689 INFO  Model.MyModel - Maze generated: 10 rows and 10 cols
2020.06.21 14:12:45.336 INFO  Model.MyModel - Client: Client.Client@342822b6 asked for a new maze.
2020.06.21 14:12:45.338 INFO  Model.MyModel - Maze generated: 10 rows and 10 cols
2020.06.21 14:12:46.126 INFO  Model.MyModel - Client: Client.Client@74384cee, asked for a solution
2020.06.21 14:12:46.652 INFO  Model.MyModel - Client: Client.Client@6779411 asked for a new maze.
2020.06.21 14:12:46.655 INFO  Model.MyModel - Maze generated: 10 rows and 10 cols
2020.06.21 14:12:49.491 INFO  Model.MyModel - Client: Client.Client@732e66b0 asked for a new maze.
2020.06.21 14:12:49.494 INFO  Model.MyModel - Maze generated: 10 rows and 10 cols
2020.06.21 14:12:50.338 INFO  Model.MyModel - Client: Client.Client@c50516b, asked for a solution
2020.06.21 14:12:52.288 INFO  Model.MyModel - Client: Client.Client@6f48d4cd asked for a new maze.
2020.06.21 14:12:52.291 INFO  Model.MyModel - Maze generated: 10 rows and 10 cols
2020.06.21 17:36:50.389 INFO  Model.MyModel - Servers are up
2020.06.21 17:36:52.557 INFO  Model.MyModel - Client: Client.Client@5ab2304 asked for a new maze.
2020.06.21 17:36:52.574 INFO  Model.MyModel - Maze generated: 10 rows and 10 cols
2020.06.21 20:58:34.262 INFO  Model.MyModel - Servers are up
2020.06.21 20:58:55.596 INFO  Model.MyModel - Client: Client.Client@7065da7e asked for a new maze.
2020.06.21 20:58:55.615 INFO  Model.MyModel - Maze generated: 10 rows and 10 cols
2020.06.21 20:59:02.760 INFO  Model.MyModel - Maze solved
2020.06.21 20:59:07.385 INFO  Model.MyModel - Client: Client.Client@53b6ec84 asked for a new maze.
2020.06.21 20:59:07.388 INFO  Model.MyModel - Maze generated: 10 rows and 10 cols
2020.06.21 21:00:27.634 INFO  Model.MyModel - Servers are up
2020.06.21 21:00:30.005 INFO  Model.MyModel - Client: Client.Client@6272b9b3 asked for a new maze.
2020.06.21 21:00:30.019 INFO  Model.MyModel - Maze generated: 10 rows and 10 cols
2020.06.21 21:00:32.143 INFO  Model.MyModel - Client: Client.Client@3230ec64, asked for a solution
2020.06.21 21:00:35.679 INFO  Model.MyModel - Client: Client.Client@23982658 asked for a new maze.
2020.06.21 21:00:35.685 INFO  Model.MyModel - Maze generated: 10 rows and 10 cols
2020.06.21 21:00:38.007 INFO  Model.MyModel - Client: Client.Client@1280f012, asked for a solution
2020.06.21 21:00:39.288 INFO  Model.MyModel - Client: Client.Client@3816ae92 asked for a new maze.
2020.06.21 21:00:39.291 INFO  Model.MyModel - Maze generated: 10 rows and 10 cols
2020.06.21 21:00:40.472 INFO  Model.MyModel - Client: Client.Client@19a66945, asked for a solution
2020.06.21 21:00:41.972 INFO  Model.MyModel - Client: Client.Client@fcf5d14, asked for a solution
2020.06.21 21:00:42.127 INFO  Model.MyModel - Client: Client.Client@29c19fbb, asked for a solution
2020.06.21 21:00:42.295 INFO  Model.MyModel - Client: Client.Client@5a792d8d, asked for a solution
2020.06.21 21:00:42.478 INFO  Model.MyModel - Client: Client.Client@112607b4, asked for a solution
2020.06.21 21:00:42.657 INFO  Model.MyModel - Client: Client.Client@df7bd39, asked for a solution
2020.06.21 21:00:42.780 INFO  Model.MyModel - Client: Client.Client@5961b237, asked for a solution
2020.06.21 21:00:42.948 INFO  Model.MyModel - Client: Client.Client@342822b6, asked for a solution
2020.06.21 21:00:43.152 INFO  Model.MyModel - Client: Client.Client@5b164cfd, asked for a solution
2020.06.21 21:00:43.570 INFO  Model.MyModel - Client: Client.Client@16894878, asked for a solution
2020.06.21 21:00:43.871 INFO  Model.MyModel - Client: Client.Client@119f7780, asked for a solution
2020.06.21 21:00:44.723 INFO  Model.MyModel - Client: Client.Client@d3d977a, asked for a solution
2020.06.21 21:00:45.529 INFO  Model.MyModel - Client: Client.Client@c50516b, asked for a solution
2020.06.21 21:00:46.223 INFO  Model.MyModel - Client: Client.Client@4093f6ea, asked for a solution
2020.06.21 21:00:46.381 INFO  Model.MyModel - Client: Client.Client@61491e17, asked for a solution
2020.06.21 21:00:46.631 INFO  Model.MyModel - Client: Client.Client@a103693, asked for a solution
2020.06.21 21:00:46.764 INFO  Model.MyModel - Client: Client.Client@390dac9a, asked for a solution
2020.06.21 21:00:47.126 INFO  Model.MyModel - Client: Client.Client@30e134fa, asked for a solution
2020.06.21 21:00:47.294 INFO  Model.MyModel - Client: Client.Client@1023302c, asked for a solution
2020.06.21 21:00:49.590 INFO  Model.MyModel - Client: Client.Client@f9f48ba, asked for a solution
2020.06.21 21:00:49.722 INFO  Model.MyModel - Client: Client.Client@44f54278, asked for a solution
2020.06.21 21:00:49.896 INFO  Model.MyModel - Client: Client.Client@51dce5a1, asked for a solution
2020.06.21 21:00:50.085 INFO  Model.MyModel - Client: Client.Client@2c8391b7, asked for a solution
2020.06.21 21:00:50.554 INFO  Model.MyModel - Client: Client.Client@7a9e08f5, asked for a solution
2020.06.21 21:00:50.662 INFO  Model.MyModel - Client: Client.Client@67618b7, asked for a solution
2020.06.21 21:00:50.824 INFO  Model.MyModel - Client: Client.Client@1a35bd7e, asked for a solution
2020.06.21 21:00:50.967 INFO  Model.MyModel - Client: Client.Client@49229925, asked for a solution
2020.06.21 21:00:51.136 INFO  Model.MyModel - Client: Client.Client@5d61cb2f, asked for a solution
2020.06.21 21:00:51.263 INFO  Model.MyModel - Client: Client.Client@67bec91b, asked for a solution
2020.06.21 21:00:51.396 INFO  Model.MyModel - Client: Client.Client@363f6c19, asked for a solution
2020.06.21 21:00:51.707 INFO  Model.MyModel - Client: Client.Client@48d7db38, asked for a solution
2020.06.21 21:00:51.895 INFO  Model.MyModel - Client: Client.Client@598b13c7, asked for a solution
2020.06.21 21:00:52.079 INFO  Model.MyModel - Client: Client.Client@7c0e1f80, asked for a solution
2020.06.21 21:00:52.233 INFO  Model.MyModel - Client: Client.Client@513e3e6b, asked for a solution
2020.06.21 21:00:52.365 INFO  Model.MyModel - Client: Client.Client@531b1886, asked for a solution
2020.06.21 21:00:52.513 INFO  Model.MyModel - Client: Client.Client@726594b1, asked for a solution
2020.06.21 21:00:52.645 INFO  Model.MyModel - Client: Client.Client@abf3d1b, asked for a solution
2020.06.21 21:00:52.793 INFO  Model.MyModel - Client: Client.Client@16ac8e2d, asked for a solution
2020.06.21 21:00:52.931 INFO  Model.MyModel - Client: Client.Client@5ed6121c, asked for a solution
2020.06.21 21:00:53.063 INFO  Model.MyModel - Client: Client.Client@2d51a760, asked for a solution
2020.06.21 21:00:53.324 INFO  Model.MyModel - Client: Client.Client@6545c016, asked for a solution
2020.06.21 21:00:53.533 INFO  Model.MyModel - Client: Client.Client@b2bffc7, asked for a solution
2020.06.21 21:00:53.685 INFO  Model.MyModel - Client: Client.Client@74e8caa2, asked for a solution
2020.06.21 21:00:53.798 INFO  Model.MyModel - Client: Client.Client@9d8bb1a, asked for a solution
2020.06.21 21:00:53.931 INFO  Model.MyModel - Client: Client.Client@4774ccf3, asked for a solution
2020.06.21 21:00:54.324 INFO  Model.MyModel - Client: Client.Client@2cd16fd1, asked for a solution
2020.06.21 21:00:54.487 INFO  Model.MyModel - Client: Client.Client@7b9858e5, asked for a solution
2020.06.21 21:00:54.711 INFO  Model.MyModel - Client: Client.Client@4a3bc061, asked for a solution
2020.06.21 21:00:54.885 INFO  Model.MyModel - Client: Client.Client@17ed07c, asked for a solution
2020.06.21 21:00:55.022 INFO  Model.MyModel - Client: Client.Client@1461cab, asked for a solution
2020.06.21 21:00:55.160 INFO  Model.MyModel - Client: Client.Client@247114c6, asked for a solution
2020.06.21 21:00:55.298 INFO  Model.MyModel - Client: Client.Client@fbf264b, asked for a solution
2020.06.21 21:00:55.614 INFO  Model.MyModel - Client: Client.Client@7ad4dfbb, asked for a solution
2020.06.21 21:06:03.058 INFO  Model.MyModel - Servers are up
2020.06.21 21:06:05.945 INFO  Model.MyModel - Client: Client.Client@6ecd5210 asked for a new maze.
2020.06.21 21:06:05.959 INFO  Model.MyModel - Maze generated: 10 rows and 10 cols
2020.06.21 21:07:13.450 INFO  Model.MyModel - Servers are up
2020.06.21 21:07:16.347 INFO  Model.MyModel - Client: Client.Client@1c93de31 asked for a new maze.
2020.06.21 21:07:16.360 INFO  Model.MyModel - Maze generated: 10 rows and 10 cols
2020.06.21 21:08:01.698 INFO  Model.MyModel - Servers are up
2020.06.21 21:08:04.601 INFO  Model.MyModel - Client: Client.Client@fb2cb5c asked for a new maze.
2020.06.21 21:08:04.625 INFO  Model.MyModel - Maze generated: 10 rows and 10 cols
2020.06.21 21:08:09.846 INFO  Model.MyModel - Client: Client.Client@1c6afa4f, asked for a solution
2020.06.21 21:08:10.901 INFO  Model.MyModel - Client: Client.Client@70c73635, asked for a solution
2020.06.21 21:08:11.093 INFO  Model.MyModel - Client: Client.Client@687e4ceb, asked for a solution
2020.06.21 21:08:11.333 INFO  Model.MyModel - Client: Client.Client@6ec44a2b, asked for a solution
2020.06.21 21:08:11.527 INFO  Model.MyModel - Client: Client.Client@a9ec7fa, asked for a solution
2020.06.21 21:08:11.808 INFO  Model.MyModel - Client: Client.Client@65d7acba, asked for a solution
2020.06.21 21:08:11.971 INFO  Model.MyModel - Client: Client.Client@1f010f7, asked for a solution
2020.06.21 21:08:12.144 INFO  Model.MyModel - Client: Client.Client@1293b0b1, asked for a solution
2020.06.21 21:08:12.803 INFO  Model.MyModel - Client: Client.Client@1c8cdd6d asked for a new maze.
2020.06.21 21:08:12.808 INFO  Model.MyModel - Maze generated: 10 rows and 10 cols
2020.06.21 21:08:13.750 INFO  Model.MyModel - Client: Client.Client@52f159a4, asked for a solution
2020.06.21 21:08:23.753 INFO  Model.MyModel - Client: Client.Client@23d30b9c asked for a new maze.
2020.06.21 21:08:23.756 INFO  Model.MyModel - Maze generated: 10 rows and 10 cols
2020.06.21 21:08:31.191 INFO  Model.MyModel - Client: Client.Client@948a259, asked for a solution
2020.06.21 21:08:31.394 INFO  Model.MyModel - Client: Client.Client@e23de9a, asked for a solution
2020.06.21 21:08:32.802 INFO  Model.MyModel - Client: Client.Client@68a5df89, asked for a solution
2020.06.21 21:08:33.210 INFO  Model.MyModel - Client: Client.Client@6a2002dc, asked for a solution
2020.06.21 21:08:34.924 INFO  Model.MyModel - Client: Client.Client@27fbb3ec, asked for a solution
2020.06.21 21:08:36.894 INFO  Model.MyModel - Client: Client.Client@6f48d4cd, asked for a solution
2020.06.21 21:08:37.443 INFO  Model.MyModel - Client: Client.Client@5b0c503d, asked for a solution
2020.06.21 21:08:37.699 INFO  Model.MyModel - Client: Client.Client@53e7035f, asked for a solution
2020.06.21 21:08:38.627 INFO  Model.MyModel - Client: Client.Client@50416e02, asked for a solution
2020.06.21 21:11:38.211 INFO  Model.MyModel - Servers are up
2020.06.21 21:11:41.319 INFO  Model.MyModel - Client: Client.Client@6894efca asked for a new maze.
2020.06.21 21:11:41.340 INFO  Model.MyModel - Maze generated: 10 rows and 10 cols
2020.06.21 21:11:43.256 INFO  Model.MyModel - Client: Client.Client@7035c645, asked for a solution
2020.06.21 21:11:44.503 INFO  Model.MyModel - Client: Client.Client@6e324eda asked for a new maze.
2020.06.21 21:11:44.508 INFO  Model.MyModel - Maze generated: 10 rows and 10 cols
2020.06.21 21:11:50.693 INFO  Model.MyModel - Client: Client.Client@4141dbe1, asked for a solution
2020.06.21 21:11:51.752 INFO  Model.MyModel - Client: Client.Client@41fa26b9, asked for a solution
2020.06.21 21:11:51.941 INFO  Model.MyModel - Client: Client.Client@7f9f0bee, asked for a solution
2020.06.21 21:11:52.128 INFO  Model.MyModel - Client: Client.Client@e0ed97d, asked for a solution
2020.06.21 21:11:52.317 INFO  Model.MyModel - Client: Client.Client@35da9779, asked for a solution
2020.06.21 21:11:52.564 INFO  Model.MyModel - Client: Client.Client@62aeb2f5, asked for a solution
2020.06.21 21:11:52.755 INFO  Model.MyModel - Client: Client.Client@4dba4818, asked for a solution
2020.06.21 21:11:52.880 INFO  Model.MyModel - Client: Client.Client@765bd5fd, asked for a solution
2020.06.21 21:11:53.130 INFO  Model.MyModel - Client: Client.Client@5d23d933, asked for a solution
2020.06.21 21:11:53.442 INFO  Model.MyModel - Client: Client.Client@74fbcef4, asked for a solution
2020.06.21 21:11:53.630 INFO  Model.MyModel - Client: Client.Client@4375f7d8, asked for a solution
2020.06.21 21:11:53.817 INFO  Model.MyModel - Client: Client.Client@62970b82, asked for a solution
2020.06.21 21:11:54.003 INFO  Model.MyModel - Client: Client.Client@b4d4925, asked for a solution
2020.06.21 21:11:54.191 INFO  Model.MyModel - Client: Client.Client@466f4bb1, asked for a solution
2020.06.21 21:11:54.629 INFO  Model.MyModel - Client: Client.Client@8b188c0, asked for a solution
2020.06.21 21:11:54.817 INFO  Model.MyModel - Client: Client.Client@174e4aec, asked for a solution
2020.06.21 21:11:54.939 INFO  Model.MyModel - Client: Client.Client@2687ff16, asked for a solution
2020.06.21 21:11:55.130 INFO  Model.MyModel - Client: Client.Client@50653ed3, asked for a solution
2020.06.21 21:11:55.252 INFO  Model.MyModel - Client: Client.Client@198082e, asked for a solution
2020.06.21 21:11:55.505 INFO  Model.MyModel - Client: Client.Client@1f50a97e, asked for a solution
2020.06.21 21:11:56.194 INFO  Model.MyModel - Client: Client.Client@371dd28a, asked for a solution
2020.06.21 21:11:56.377 INFO  Model.MyModel - Client: Client.Client@11f414e0, asked for a solution
2020.06.21 21:11:58.692 INFO  Model.MyModel - Client: Client.Client@77ea25b2 asked for a new maze.
2020.06.21 21:11:58.696 INFO  Model.MyModel - Maze generated: 10 rows and 10 cols
2020.06.21 21:12:22.193 INFO  Model.MyModel - Client: Client.Client@592ecd13 asked for a new maze.
2020.06.21 21:12:22.197 INFO  Model.MyModel - Maze generated: 10 rows and 10 cols
2020.06.21 21:12:23.443 INFO  Model.MyModel - Client: Client.Client@64606c29, asked for a solution
2020.06.21 21:12:25.629 INFO  Model.MyModel - Client: Client.Client@168fe4ab asked for a new maze.
2020.06.21 21:12:25.632 INFO  Model.MyModel - Maze generated: 10 rows and 10 cols
2020.06.21 21:17:44.607 INFO  Model.MyModel - Servers are up
2020.06.21 21:17:47.734 INFO  Model.MyModel - Client: Client.Client@fb2cb5c asked for a new maze.
2020.06.21 21:17:47.747 INFO  Model.MyModel - Maze generated: 10 rows and 10 cols
2020.06.21 21:17:57.415 INFO  Model.MyModel - Client: Client.Client@51f0ba5b, asked for a solution
2020.06.21 21:17:58.220 INFO  Model.MyModel - Client: Client.Client@9bc722c asked for a new maze.
2020.06.21 21:17:58.249 INFO  Model.MyModel - Maze generated: 10 rows and 10 cols
2020.06.21 21:18:04.476 INFO  Model.MyModel - Client: Client.Client@9dc964d, asked for a solution
2020.06.21 21:24:21.891 INFO  Model.MyModel - Servers are up
2020.06.21 21:24:24.883 INFO  Model.MyModel - Client: Client.Client@6ecd5210 asked for a new maze.
2020.06.21 21:24:24.900 INFO  Model.MyModel - Maze generated: 10 rows and 10 cols
2020.06.21 21:24:38.134 INFO  Model.MyModel - Servers are up
2020.06.21 21:24:41.129 INFO  Model.MyModel - Client: Client.Client@5ab2304 asked for a new maze.
2020.06.21 21:24:41.143 INFO  Model.MyModel - Maze generated: 10 rows and 10 cols
2020.06.21 21:24:42.383 INFO  Model.MyModel - Client: Client.Client@5b4326b6, asked for a solution
2020.06.21 21:24:49.130 INFO  Model.MyModel - Client: Client.Client@593055ee asked for a new maze.
2020.06.21 21:24:49.134 INFO  Model.MyModel - Maze generated: 10 rows and 10 cols
2020.06.21 21:24:55.879 INFO  Model.MyModel - Client: Client.Client@4af0b567, asked for a solution
2020.06.21 21:24:57.131 INFO  Model.MyModel - Client: Client.Client@51004fcb, asked for a solution
2020.06.21 21:24:57.378 INFO  Model.MyModel - Client: Client.Client@a10abfe, asked for a solution
2020.06.21 21:24:57.565 INFO  Model.MyModel - Client: Client.Client@6891e523, asked for a solution
2020.06.21 21:24:57.754 INFO  Model.MyModel - Client: Client.Client@1a246de1, asked for a solution
2020.06.21 21:24:58.003 INFO  Model.MyModel - Client: Client.Client@6a0b6dbe, asked for a solution
2020.06.21 21:24:58.087 INFO  Model.MyModel - Client: Client.Client@6862c3ee, asked for a solution
2020.06.21 21:24:58.255 INFO  Model.MyModel - Client: Client.Client@5694ff7c, asked for a solution
2020.06.21 21:24:58.441 INFO  Model.MyModel - Client: Client.Client@5caa737e, asked for a solution
2020.06.21 21:24:59.942 INFO  Model.MyModel - Client: Client.Client@60d43b8e asked for a new maze.
2020.06.21 21:24:59.946 INFO  Model.MyModel - Maze generated: 10 rows and 10 cols
2020.06.21 21:25:03.692 INFO  Model.MyModel - Client: Client.Client@1b9011c2, asked for a solution
2020.06.23 13:49:20.452 INFO  Model.MyModel - Servers are up
2020.06.23 13:49:22.953 INFO  Model.MyModel - Client: Client.Client@27702a34 asked for a new maze.
2020.06.23 13:49:22.968 INFO  Model.MyModel - Maze generated: 10 rows and 10 cols
2020.06.23 13:49:26.237 INFO  Model.MyModel - Client: Client.Client@559a6be6, asked for a solution
2020.06.23 13:49:27.272 INFO  Model.MyModel - Client: Client.Client@1f826c23, asked for a solution
2020.06.23 13:49:27.785 INFO  Model.MyModel - Client: Client.Client@2fa27f95, asked for a solution
2020.06.23 13:49:28.116 INFO  Model.MyModel - Client: Client.Client@658968f6, asked for a solution
2020.06.23 13:49:28.423 INFO  Model.MyModel - Client: Client.Client@45cc9881, asked for a solution
2020.06.23 13:49:28.806 INFO  Model.MyModel - Client: Client.Client@4682278e, asked for a solution
2020.06.23 13:49:29.199 INFO  Model.MyModel - Client: Client.Client@25c03c20, asked for a solution
2020.06.23 13:49:29.571 INFO  Model.MyModel - Client: Client.Client@1adc09a9, asked for a solution
2020.06.23 13:49:29.861 INFO  Model.MyModel - Client: Client.Client@2cd19044, asked for a solution
2020.06.23 13:49:30.122 INFO  Model.MyModel - Client: Client.Client@25e21e4d, asked for a solution
2020.06.23 13:49:30.781 INFO  Model.MyModel - Client: Client.Client@1c8c55d, asked for a solution
2020.06.23 13:49:35.362 INFO  Model.MyModel - Generated algorithm: MyMazeGenerator
2020.06.23 13:49:35.362 INFO  Model.MyModel - Solving algorithm: DepthFirstSearch
2020.06.23 13:49:37.815 INFO  Model.MyModel - Client: Client.Client@71ec76d3 asked for a new maze.
2020.06.23 13:49:37.819 INFO  Model.MyModel - Maze generated: 10 rows and 10 cols
2020.06.23 13:49:38.537 INFO  Model.MyModel - Client: Client.Client@3e2c7083, asked for a solution
2020.06.23 13:49:39.250 INFO  Model.MyModel - Client: Client.Client@7fc2f254, asked for a solution
2020.06.23 13:49:39.934 INFO  Model.MyModel - Client: Client.Client@32d76aa6, asked for a solution
2020.06.23 13:49:40.225 INFO  Model.MyModel - Client: Client.Client@669dc9a0, asked for a solution
2020.06.23 13:49:40.458 INFO  Model.MyModel - Client: Client.Client@12f7483b, asked for a solution
2020.06.23 13:49:40.648 INFO  Model.MyModel - Client: Client.Client@41c6b621, asked for a solution
2020.06.23 13:49:40.786 INFO  Model.MyModel - Client: Client.Client@6e9d1e32, asked for a solution
2020.06.23 13:49:40.930 INFO  Model.MyModel - Client: Client.Client@587c6324, asked for a solution
2020.06.23 13:49:41.107 INFO  Model.MyModel - Client: Client.Client@3feb5a29, asked for a solution
2020.06.23 13:49:41.266 INFO  Model.MyModel - Client: Client.Client@daf16f4, asked for a solution
2020.06.23 13:49:41.422 INFO  Model.MyModel - Client: Client.Client@f3251af, asked for a solution
2020.06.23 13:49:41.602 INFO  Model.MyModel - Client: Client.Client@1003a1e4, asked for a solution
2020.06.23 13:49:42.025 INFO  Model.MyModel - Client: Client.Client@465bd431, asked for a solution
2020.06.23 13:49:42.440 INFO  Model.MyModel - Client: Client.Client@3b128c93, asked for a solution
2020.06.23 13:49:42.867 INFO  Model.MyModel - Client: Client.Client@1057f69c, asked for a solution
2020.06.23 13:49:43.198 INFO  Model.MyModel - Client: Client.Client@56dfc998, asked for a solution
2020.06.23 13:49:43.404 INFO  Model.MyModel - Client: Client.Client@409b14ec, asked for a solution
2020.06.23 13:49:43.607 INFO  Model.MyModel - Client: Client.Client@27b12d24, asked for a solution
2020.06.23 13:49:43.837 INFO  Model.MyModel - Client: Client.Client@67dabec, asked for a solution
2020.06.23 13:49:44.001 INFO  Model.MyModel - Client: Client.Client@27b31023, asked for a solution
2020.06.23 13:49:44.144 INFO  Model.MyModel - Client: Client.Client@6e881b57, asked for a solution
2020.06.23 13:52:51.048 INFO  Model.MyModel - Servers are up
2020.06.23 13:52:53.884 INFO  Model.MyModel - Client: Client.Client@2cc43880 asked for a new maze.
2020.06.23 13:52:53.899 INFO  Model.MyModel - Maze generated: 10 rows and 10 cols
2020.06.23 13:52:54.855 INFO  Model.MyModel - Client: Client.Client@209f95dc, asked for a solution
2020.06.23 13:52:55.624 INFO  Model.MyModel - Client: Client.Client@2c641ea asked for a new maze.
2020.06.23 13:52:55.628 INFO  Model.MyModel - Maze generated: 10 rows and 10 cols
2020.06.23 13:58:10.035 INFO  Model.MyModel - Servers are up
2020.06.23 13:58:12.183 INFO  Model.MyModel - Client: Client.Client@6eea946c asked for a new maze.
2020.06.23 13:58:12.194 INFO  Model.MyModel - Maze generated: 10 rows and 10 cols
2020.06.23 13:58:14.900 INFO  Model.MyModel - Client: Client.Client@58ca4562, asked for a solution
2020.06.23 13:58:16.157 INFO  Model.MyModel - Client: Client.Client@35308c3c, asked for a solution
2020.06.23 13:58:16.536 INFO  Model.MyModel - Maze solved
2020.06.23 13:58:18.755 INFO  Model.MyModel - Client: Client.Client@1a7c3955 asked for a new maze.
2020.06.23 13:58:18.760 INFO  Model.MyModel - Maze generated: 10 rows and 10 cols
2020.06.23 13:58:20.313 INFO  Model.MyModel - Client: Client.Client@159fe227, asked for a solution
2020.06.23 13:58:20.710 INFO  Model.MyModel - Client: Client.Client@6f3c60db, asked for a solution
2020.06.23 13:58:20.991 INFO  Model.MyModel - Client: Client.Client@6e7ea187, asked for a solution
2020.06.23 13:58:21.221 INFO  Model.MyModel - Client: Client.Client@5ead4c7b, asked for a solution
2020.06.23 13:58:21.792 INFO  Model.MyModel - Client: Client.Client@355ccf31, asked for a solution
2020.06.23 13:58:21.996 INFO  Model.MyModel - Client: Client.Client@791bfc04, asked for a solution
2020.06.23 13:58:22.266 INFO  Model.MyModel - Client: Client.Client@14efdb56, asked for a solution
2020.06.23 13:58:22.486 INFO  Model.MyModel - Client: Client.Client@75f8602d, asked for a solution
2020.06.23 13:58:22.802 INFO  Model.MyModel - Client: Client.Client@5b5445a5, asked for a solution
2020.06.23 13:58:23.159 INFO  Model.MyModel - Client: Client.Client@4d2b7d9, asked for a solution
2020.06.23 13:58:23.338 INFO  Model.MyModel - Client: Client.Client@201a5d8c, asked for a solution
2020.06.23 13:58:23.813 INFO  Model.MyModel - Client: Client.Client@7bb876b, asked for a solution
2020.06.23 13:58:23.966 INFO  Model.MyModel - Client: Client.Client@78213dc1, asked for a solution
2020.06.23 13:58:24.129 INFO  Model.MyModel - Client: Client.Client@58e690f2, asked for a solution
2020.06.23 13:58:24.247 INFO  Model.MyModel - Client: Client.Client@37b0d40, asked for a solution
2020.06.23 13:58:25.120 INFO  Model.MyModel - Client: Client.Client@2fad582a, asked for a solution
2020.06.23 13:58:25.533 INFO  Model.MyModel - Client: Client.Client@2cbfc00, asked for a solution
2020.06.23 13:58:25.823 INFO  Model.MyModel - Client: Client.Client@28d49fc2, asked for a solution
2020.06.23 13:58:26.272 INFO  Model.MyModel - Client: Client.Client@57d919d9, asked for a solution
2020.06.23 13:58:26.441 INFO  Model.MyModel - Client: Client.Client@67ac883d, asked for a solution
2020.06.23 13:58:26.732 INFO  Model.MyModel - Client: Client.Client@33c85130, asked for a solution
2020.06.23 13:58:26.931 INFO  Model.MyModel - Client: Client.Client@346d680d, asked for a solution
2020.06.23 13:58:27.099 INFO  Model.MyModel - Client: Client.Client@419fa172, asked for a solution
2020.06.23 13:58:27.247 INFO  Model.MyModel - Client: Client.Client@795b1725, asked for a solution
2020.06.23 13:58:27.401 INFO  Model.MyModel - Client: Client.Client@12306b12, asked for a solution
2020.06.23 13:58:28.171 INFO  Model.MyModel - Client: Client.Client@48fc6e76, asked for a solution
2020.06.23 13:58:28.370 INFO  Model.MyModel - Client: Client.Client@621cecea, asked for a solution
2020.06.23 13:58:28.763 INFO  Model.MyModel - Client: Client.Client@638afd95, asked for a solution
2020.06.23 13:58:28.896 INFO  Model.MyModel - Client: Client.Client@2265a0ae, asked for a solution
2020.06.23 13:58:29.335 INFO  Model.MyModel - Client: Client.Client@28b7e3f2, asked for a solution
2020.06.23 13:58:30.138 INFO  Model.MyModel - Client: Client.Client@4ce813d3, asked for a solution
2020.06.23 13:58:30.315 INFO  Model.MyModel - Client: Client.Client@3fc4aecc, asked for a solution
2020.06.23 13:58:30.519 INFO  Model.MyModel - Client: Client.Client@4d1f6eb3, asked for a solution
2020.06.23 13:58:30.847 INFO  Model.MyModel - Client: Client.Client@239c9acd, asked for a solution
2020.06.23 13:58:30.988 INFO  Model.MyModel - Client: Client.Client@2a394e0, asked for a solution
2020.06.23 13:58:31.121 INFO  Model.MyModel - Client: Client.Client@2607f37b, asked for a solution
2020.06.23 13:58:31.213 INFO  Model.MyModel - Client: Client.Client@39e528c9, asked for a solution
2020.06.23 13:58:31.412 INFO  Model.MyModel - Client: Client.Client@4486ae09, asked for a solution
2020.06.23 13:58:31.581 INFO  Model.MyModel - Client: Client.Client@2e81c33f, asked for a solution
2020.06.23 13:58:31.698 INFO  Model.MyModel - Client: Client.Client@6d769518, asked for a solution
2020.06.23 13:58:31.825 INFO  Model.MyModel - Client: Client.Client@60100fe5, asked for a solution
2020.06.23 13:58:31.948 INFO  Model.MyModel - Client: Client.Client@11ef57a7, asked for a solution
2020.06.23 13:58:32.351 INFO  Model.MyModel - Client: Client.Client@3919750b, asked for a solution
2020.06.23 13:58:32.478 INFO  Model.MyModel - Client: Client.Client@2fde8a0, asked for a solution
2020.06.23 13:58:32.591 INFO  Model.MyModel - Client: Client.Client@8fc1698, asked for a solution
2020.06.23 13:58:32.704 INFO  Model.MyModel - Client: Client.Client@31434209, asked for a solution
2020.06.23 13:58:32.816 INFO  Model.MyModel - Client: Client.Client@42f51155, asked for a solution
2020.06.23 13:58:38.869 INFO  Model.MyModel - Generated algorithm: EmptyMazeGenerator
2020.06.23 13:58:38.870 INFO  Model.MyModel - Solving algorithm: BestFirstSearch
2020.06.23 13:58:39.955 INFO  Model.MyModel - Generated algorithm: EmptyMazeGenerator
2020.06.23 13:58:39.956 INFO  Model.MyModel - Solving algorithm: BestFirstSearch
2020.06.23 13:58:41.880 INFO  Model.MyModel - Client: Client.Client@757085a9 asked for a new maze.
2020.06.23 13:58:41.884 INFO  Model.MyModel - Maze generated: 10 rows and 10 cols
2020.06.23 13:58:49.480 INFO  Model.MyModel - Servers are up
2020.06.23 13:58:51.651 INFO  Model.MyModel - Client: Client.Client@2519b722 asked for a new maze.
2020.06.23 13:58:51.663 INFO  Model.MyModel - Maze generated: 10 rows and 10 cols
2020.06.23 13:58:52.921 INFO  Model.MyModel - Client: Client.Client@3605e354, asked for a solution
2020.06.23 13:58:53.873 INFO  Model.MyModel - Client: Client.Client@55607c9c, asked for a solution
2020.06.23 13:58:54.080 INFO  Model.MyModel - Client: Client.Client@42d0a3, asked for a solution
2020.06.23 13:58:54.218 INFO  Model.MyModel - Client: Client.Client@107fc48b, asked for a solution
2020.06.23 13:58:54.351 INFO  Model.MyModel - Client: Client.Client@2a7c8541, asked for a solution
2020.06.23 13:59:01.088 INFO  Model.MyModel - Servers are up
2020.06.23 13:59:08.290 INFO  Model.MyModel - Generated algorithm: SimpleMazeGenerator
2020.06.23 13:59:08.290 INFO  Model.MyModel - Solving algorithm: BestFirstSearch
2020.06.23 13:59:09.273 INFO  Model.MyModel - Generated algorithm: SimpleMazeGenerator
2020.06.23 13:59:09.273 INFO  Model.MyModel - Solving algorithm: BestFirstSearch
2020.06.23 13:59:10.987 INFO  Model.MyModel - Client: Client.Client@51839d5 asked for a new maze.
2020.06.23 13:59:11.003 INFO  Model.MyModel - Maze generated: 10 rows and 10 cols
2020.06.23 13:59:11.842 INFO  Model.MyModel - Client: Client.Client@336ac405, asked for a solution
2020.06.23 13:59:12.300 INFO  Model.MyModel - Client: Client.Client@240ef8b, asked for a solution
2020.06.23 13:59:12.471 INFO  Model.MyModel - Client: Client.Client@7c306803, asked for a solution
2020.06.23 13:59:12.584 INFO  Model.MyModel - Client: Client.Client@35d62c8d, asked for a solution
2020.06.23 13:59:12.701 INFO  Model.MyModel - Client: Client.Client@39bbe6b7, asked for a solution
2020.06.23 13:59:13.089 INFO  Model.MyModel - Client: Client.Client@1b634274, asked for a solution
2020.06.23 13:59:16.921 INFO  Model.MyModel - Generated algorithm: MyMazeGenerator
2020.06.23 13:59:16.921 INFO  Model.MyModel - Solving algorithm: BestFirstSearch
2020.06.23 13:59:18.337 INFO  Model.MyModel - Generated algorithm: MyMazeGenerator
2020.06.23 13:59:18.337 INFO  Model.MyModel - Solving algorithm: BestFirstSearch
2020.06.23 13:59:20.501 INFO  Model.MyModel - Client: Client.Client@5bebdcce asked for a new maze.
2020.06.23 13:59:20.505 INFO  Model.MyModel - Maze generated: 10 rows and 10 cols
2020.06.23 13:59:23.727 INFO  Model.MyModel - Client: Client.Client@137ad8de, asked for a solution
2020.06.23 13:59:24.296 INFO  Model.MyModel - Client: Client.Client@5f12ba3a, asked for a solution
2020.06.23 13:59:24.627 INFO  Model.MyModel - Client: Client.Client@43667303, asked for a solution
2020.06.23 14:00:59.104 INFO  Model.MyModel - Servers are up
2020.06.23 14:01:02.341 INFO  Model.MyModel - Client: Client.Client@2cc43880 asked for a new maze.
2020.06.23 14:01:02.354 INFO  Model.MyModel - Maze generated: 10 rows and 10 cols
2020.06.23 14:01:04.419 INFO  Model.MyModel - Client: Client.Client@74092a06 asked for a new maze.
2020.06.23 14:01:04.423 INFO  Model.MyModel - Maze generated: 10 rows and 10 cols
2020.06.23 14:02:08.022 INFO  Model.MyModel - Servers are up
2020.06.23 14:02:10.071 INFO  Model.MyModel - Client: Client.Client@1d007100 asked for a new maze.
2020.06.23 14:02:10.085 INFO  Model.MyModel - Maze generated: 10 rows and 10 cols
2020.06.23 14:02:11.142 INFO  Model.MyModel - Client: Client.Client@75867103, asked for a solution
2020.06.23 14:02:12.056 INFO  Model.MyModel - Client: Client.Client@20412eae, asked for a solution
2020.06.23 14:02:12.243 INFO  Model.MyModel - Client: Client.Client@4e95b2dc, asked for a solution
2020.06.23 14:02:12.366 INFO  Model.MyModel - Client: Client.Client@716597, asked for a solution
2020.06.23 14:02:12.493 INFO  Model.MyModel - Client: Client.Client@66273627, asked for a solution
2020.06.23 14:02:12.611 INFO  Model.MyModel - Client: Client.Client@61aead41, asked for a solution
2020.06.23 14:02:12.729 INFO  Model.MyModel - Client: Client.Client@404a004f, asked for a solution
2020.06.23 14:02:12.830 INFO  Model.MyModel - Client: Client.Client@72566524, asked for a solution
2020.06.23 14:02:12.968 INFO  Model.MyModel - Client: Client.Client@58f0c635, asked for a solution
2020.06.23 14:02:13.141 INFO  Model.MyModel - Client: Client.Client@2e28d13d, asked for a solution
2020.06.23 14:02:13.279 INFO  Model.MyModel - Client: Client.Client@36dd7a4c, asked for a solution
2020.06.23 14:03:23.926 INFO  Model.MyModel - Servers are up
2020.06.23 14:03:26.299 INFO  Model.MyModel - Client: Client.Client@23d0a689 asked for a new maze.
2020.06.23 14:03:26.313 INFO  Model.MyModel - Maze generated: 10 rows and 10 cols
2020.06.23 14:03:31.125 INFO  Model.MyModel - Client: Client.Client@5d067e8, asked for a solution
2020.06.23 14:03:31.559 INFO  Model.MyModel - Client: Client.Client@516643f8, asked for a solution
2020.06.23 14:03:31.728 INFO  Model.MyModel - Client: Client.Client@7172178d, asked for a solution
2020.06.23 14:03:31.875 INFO  Model.MyModel - Client: Client.Client@20297cba, asked for a solution
2020.06.23 14:03:32.033 INFO  Model.MyModel - Client: Client.Client@20dbb971, asked for a solution
2020.06.23 14:03:32.345 INFO  Model.MyModel - Client: Client.Client@4589f4c1, asked for a solution
2020.06.23 14:03:32.504 INFO  Model.MyModel - Client: Client.Client@5efca6ec, asked for a solution
2020.06.23 14:03:32.769 INFO  Model.MyModel - Client: Client.Client@6dd4abe0, asked for a solution
2020.06.23 14:03:32.942 INFO  Model.MyModel - Client: Client.Client@43d8dafe, asked for a solution
2020.06.23 14:03:33.024 INFO  Model.MyModel - Client: Client.Client@52b2765c, asked for a solution
2020.06.23 14:03:33.167 INFO  Model.MyModel - Client: Client.Client@4d035354, asked for a solution
2020.06.23 14:03:33.340 INFO  Model.MyModel - Client: Client.Client@5bde6951, asked for a solution
2020.06.23 14:03:33.571 INFO  Model.MyModel - Client: Client.Client@5c0d4256, asked for a solution
2020.06.23 14:03:33.758 INFO  Model.MyModel - Client: Client.Client@5d75ea7f, asked for a solution
2020.06.23 14:03:33.902 INFO  Model.MyModel - Client: Client.Client@6d57cdcd, asked for a solution
2020.06.23 14:03:34.045 INFO  Model.MyModel - Client: Client.Client@77491aba, asked for a solution
2020.06.23 14:03:34.422 INFO  Model.MyModel - Client: Client.Client@5f3924f0, asked for a solution
2020.06.23 14:03:34.570 INFO  Model.MyModel - Client: Client.Client@f5b8d2e, asked for a solution
2020.06.23 14:03:34.723 INFO  Model.MyModel - Client: Client.Client@7f732115, asked for a solution
2020.06.23 14:03:34.917 INFO  Model.MyModel - Client: Client.Client@66c0e7de, asked for a solution
2020.06.23 14:03:35.086 INFO  Model.MyModel - Client: Client.Client@7da3f8e, asked for a solution
2020.06.23 14:03:35.234 INFO  Model.MyModel - Client: Client.Client@62c0b326, asked for a solution
2020.06.23 14:03:35.397 INFO  Model.MyModel - Maze solved
2020.06.23 14:03:49.232 INFO  Model.MyModel - Client: Client.Client@38e92f58 asked for a new maze.
2020.06.23 14:03:49.238 INFO  Model.MyModel - Maze generated: 10 rows and 10 cols
2020.06.23 14:04:22.776 INFO  Model.MyModel - Servers are up
2020.06.23 14:05:42.025 INFO  Model.MyModel - Servers are up
2020.06.23 14:05:44.405 INFO  Model.MyModel - Client: Client.Client@3d7459f asked for a new maze.
2020.06.23 14:05:44.417 INFO  Model.MyModel - Maze generated: 10 rows and 10 cols
2020.06.23 14:05:45.149 INFO  Model.MyModel - Client: Client.Client@1fa34898, asked for a solution
2020.06.23 14:05:45.838 INFO  Model.MyModel - Client: Client.Client@47703910, asked for a solution
2020.06.23 14:05:46.004 INFO  Model.MyModel - Client: Client.Client@516d308b, asked for a solution
2020.06.23 14:05:46.172 INFO  Model.MyModel - Client: Client.Client@1e6f367f, asked for a solution
2020.06.23 14:05:46.262 INFO  Model.MyModel - Client: Client.Client@13d87941, asked for a solution
2020.06.23 14:08:45.435 INFO  Model.MyModel - Servers are up
2020.06.23 14:08:47.355 INFO  Model.MyModel - Client: Client.Client@635050ff asked for a new maze.
2020.06.23 14:08:47.366 INFO  Model.MyModel - Maze generated: 10 rows and 10 cols
2020.06.23 14:08:48.971 INFO  Model.MyModel - Client: Client.Client@558b9cfb, asked for a solution
2020.06.23 14:08:49.530 INFO  Model.MyModel - Client: Client.Client@54715727, asked for a solution
2020.06.23 14:08:49.691 INFO  Model.MyModel - Client: Client.Client@d6df6c5, asked for a solution
2020.06.23 14:08:49.895 INFO  Model.MyModel - Client: Client.Client@5718f62d, asked for a solution
2020.06.23 14:08:50.125 INFO  Model.MyModel - Client: Client.Client@5da6d019, asked for a solution
2020.06.23 14:08:50.325 INFO  Model.MyModel - Client: Client.Client@feecc7d, asked for a solution
2020.06.23 14:08:50.635 INFO  Model.MyModel - Client: Client.Client@391e83e9, asked for a solution
2020.06.23 14:08:50.803 INFO  Model.MyModel - Client: Client.Client@558bc71f, asked for a solution
2020.06.23 14:09:42.398 INFO  Model.MyModel - Servers are up
2020.06.23 14:09:44.310 INFO  Model.MyModel - Client: Client.Client@4936ff87 asked for a new maze.
2020.06.23 14:09:44.322 INFO  Model.MyModel - Maze generated: 10 rows and 10 cols
2020.06.23 14:09:45.773 INFO  Model.MyModel - Client: Client.Client@233e17e3 asked for a new maze.
2020.06.23 14:09:45.776 INFO  Model.MyModel - Maze generated: 10 rows and 10 cols
2020.06.23 23:47:42.238 INFO  Model.MyModel - Servers are up
2020.06.23 23:47:47.216 INFO  Model.MyModel - Client: Client.Client@4ce39f3f asked for a new maze.
2020.06.23 23:47:47.235 INFO  Model.MyModel - Maze generated: 10 rows and 10 cols
2020.06.23 23:47:55.773 INFO  Model.MyModel - Client: Client.Client@7f0a3b01, asked for a solution
2020.06.23 23:47:56.806 INFO  Model.MyModel - Client: Client.Client@ba294e7, asked for a solution
2020.06.23 23:47:56.989 INFO  Model.MyModel - Client: Client.Client@2cf0a9f9, asked for a solution
2020.06.23 23:47:57.174 INFO  Model.MyModel - Client: Client.Client@eb7e621, asked for a solution
2020.06.23 23:47:57.353 INFO  Model.MyModel - Client: Client.Client@5d4969ef, asked for a solution
2020.06.23 23:47:57.556 INFO  Model.MyModel - Client: Client.Client@4f8e46d8, asked for a solution
2020.06.23 23:47:57.898 INFO  Model.MyModel - Client: Client.Client@6bd50920, asked for a solution
2020.06.23 23:47:58.341 INFO  Model.MyModel - Client: Client.Client@21b17bf8, asked for a solution
2020.06.23 23:47:58.786 INFO  Model.MyModel - Client: Client.Client@6d8dcb8e, asked for a solution
2020.06.23 23:47:59.092 INFO  Model.MyModel - Client: Client.Client@1cb90dad, asked for a solution
2020.06.23 23:47:59.291 INFO  Model.MyModel - Client: Client.Client@6c5732fe, asked for a solution
2020.06.23 23:47:59.541 INFO  Model.MyModel - Client: Client.Client@3362dbc3, asked for a solution
2020.06.23 23:47:59.699 INFO  Model.MyModel - Client: Client.Client@7fa034d4, asked for a solution
2020.06.23 23:47:59.894 INFO  Model.MyModel - Client: Client.Client@5ac10f8, asked for a solution
2020.06.23 23:48:00.092 INFO  Model.MyModel - Client: Client.Client@7a245b15, asked for a solution
2020.06.23 23:48:00.265 INFO  Model.MyModel - Client: Client.Client@34bb68b1, asked for a solution
2020.06.23 23:48:00.445 INFO  Model.MyModel - Client: Client.Client@7d94b0ab, asked for a solution
2020.06.23 23:48:00.628 INFO  Model.MyModel - Client: Client.Client@7acb599d, asked for a solution
2020.06.23 23:48:00.776 INFO  Model.MyModel - Client: Client.Client@26a9dd7b, asked for a solution
2020.06.23 23:48:02.722 INFO  Model.MyModel - Client: Client.Client@743625cc asked for a new maze.
2020.06.23 23:48:02.726 INFO  Model.MyModel - Maze generated: 10 rows and 10 cols
2020.06.23 23:48:03.870 INFO  Model.MyModel - Client: Client.Client@5414aac6 asked for a new maze.
2020.06.23 23:48:03.874 INFO  Model.MyModel - Maze generated: 10 rows and 10 cols
2020.06.23 23:48:09.633 INFO  Model.MyModel - Client: Client.Client@6bd2df4b asked for a new maze.
2020.06.23 23:48:09.649 INFO  Model.MyModel - Maze generated: 60 rows and 20 cols
2020.06.23 23:48:11.594 INFO  Model.MyModel - Client: Client.Client@62b1f3da, asked for a solution
2020.06.23 23:48:20.391 INFO  Model.MyModel - Client: Client.Client@11bdbcb9 asked for a new maze.
2020.06.23 23:48:20.398 INFO  Model.MyModel - Maze generated: 30 rows and 20 cols
2020.06.23 23:48:22.527 INFO  Model.MyModel - Client: Client.Client@21e9b443, asked for a solution
2020.06.23 23:48:24.584 INFO  Model.MyModel - Client: Client.Client@798d0c6, asked for a solution
2020.06.23 23:48:25.113 INFO  Model.MyModel - Client: Client.Client@624ffdae, asked for a solution
2020.06.23 23:48:25.244 INFO  Model.MyModel - Client: Client.Client@5b5a6dfd, asked for a solution
2020.06.23 23:48:25.313 INFO  Model.MyModel - Client: Client.Client@534b9188, asked for a solution
2020.06.23 23:48:25.405 INFO  Model.MyModel - Client: Client.Client@5618bd1, asked for a solution
2020.06.23 23:48:25.813 INFO  Model.MyModel - Client: Client.Client@4ebeb6c2, asked for a solution
2020.06.23 23:48:26.036 INFO  Model.MyModel - Client: Client.Client@770e43be, asked for a solution
2020.06.23 23:48:26.221 INFO  Model.MyModel - Client: Client.Client@21c5673c, asked for a solution
2020.06.23 23:48:26.441 INFO  Model.MyModel - Client: Client.Client@4b63fdfc, asked for a solution
2020.06.23 23:48:26.645 INFO  Model.MyModel - Client: Client.Client@79a33a69, asked for a solution
2020.06.23 23:48:26.813 INFO  Model.MyModel - Client: Client.Client@74adcf12, asked for a solution
2020.06.23 23:48:26.959 INFO  Model.MyModel - Client: Client.Client@6c051158, asked for a solution
2020.06.23 23:48:27.113 INFO  Model.MyModel - Client: Client.Client@20f38534, asked for a solution
2020.06.23 23:48:27.246 INFO  Model.MyModel - Client: Client.Client@508e274a, asked for a solution
2020.06.23 23:48:27.456 INFO  Model.MyModel - Client: Client.Client@24b0da06, asked for a solution
2020.06.23 23:48:27.640 INFO  Model.MyModel - Client: Client.Client@6a7f2fce, asked for a solution
2020.06.23 23:48:27.814 INFO  Model.MyModel - Client: Client.Client@4b341580, asked for a solution
2020.06.23 23:48:27.978 INFO  Model.MyModel - Client: Client.Client@4ac9284f, asked for a solution
2020.06.23 23:48:28.148 INFO  Model.MyModel - Client: Client.Client@522e6ce4, asked for a solution
2020.06.23 23:48:28.345 INFO  Model.MyModel - Client: Client.Client@67e107d6, asked for a solution
2020.06.23 23:48:28.544 INFO  Model.MyModel - Client: Client.Client@534a655b, asked for a solution
2020.06.23 23:48:28.722 INFO  Model.MyModel - Client: Client.Client@1e793fa3, asked for a solution
2020.06.23 23:48:28.890 INFO  Model.MyModel - Client: Client.Client@38b0b644, asked for a solution
2020.06.23 23:48:29.100 INFO  Model.MyModel - Client: Client.Client@35f3917, asked for a solution
2020.06.23 23:48:29.289 INFO  Model.MyModel - Client: Client.Client@78b03da1, asked for a solution
2020.06.23 23:48:29.488 INFO  Model.MyModel - Client: Client.Client@487964ef, asked for a solution
2020.06.23 23:48:29.635 INFO  Model.MyModel - Client: Client.Client@21bf5c5c, asked for a solution
2020.06.23 23:48:29.861 INFO  Model.MyModel - Client: Client.Client@79bddf7d, asked for a solution
2020.06.23 23:48:30.017 INFO  Model.MyModel - Client: Client.Client@55af41a9, asked for a solution
2020.06.23 23:48:30.202 INFO  Model.MyModel - Client: Client.Client@4eeb4bcb, asked for a solution
2020.06.23 23:48:30.540 INFO  Model.MyModel - Client: Client.Client@92c9722, asked for a solution
2020.06.23 23:48:30.759 INFO  Model.MyModel - Client: Client.Client@32d2c84e, asked for a solution
2020.06.23 23:48:30.912 INFO  Model.MyModel - Client: Client.Client@5608f61d, asked for a solution
2020.06.23 23:48:31.167 INFO  Model.MyModel - Client: Client.Client@3fc2538b, asked for a solution
2020.06.23 23:48:31.427 INFO  Model.MyModel - Client: Client.Client@382ac309, asked for a solution
2020.06.23 23:48:31.579 INFO  Model.MyModel - Client: Client.Client@64ba23c4, asked for a solution
2020.06.23 23:48:31.799 INFO  Model.MyModel - Client: Client.Client@67f91814, asked for a solution
2020.06.23 23:48:31.912 INFO  Model.MyModel - Client: Client.Client@31c58090, asked for a solution
2020.06.23 23:48:32.275 INFO  Model.MyModel - Client: Client.Client@12c06e82, asked for a solution
2020.06.23 23:48:32.499 INFO  Model.MyModel - Client: Client.Client@4b9f1c5b, asked for a solution
2020.06.23 23:48:32.622 INFO  Model.MyModel - Client: Client.Client@12a7f8d4, asked for a solution
2020.06.23 23:48:32.754 INFO  Model.MyModel - Client: Client.Client@611f0a38, asked for a solution
2020.06.23 23:48:32.937 INFO  Model.MyModel - Client: Client.Client@5eb9cb94, asked for a solution
2020.06.23 23:48:33.122 INFO  Model.MyModel - Client: Client.Client@51b77641, asked for a solution
2020.06.23 23:48:33.505 INFO  Model.MyModel - Client: Client.Client@6b345aa3, asked for a solution
2020.06.23 23:48:33.694 INFO  Model.MyModel - Client: Client.Client@192d963e, asked for a solution
2020.06.23 23:48:33.877 INFO  Model.MyModel - Client: Client.Client@783f3ebf, asked for a solution
2020.06.23 23:48:34.062 INFO  Model.MyModel - Client: Client.Client@970860c, asked for a solution
2020.06.23 23:48:34.203 INFO  Model.MyModel - Client: Client.Client@4e8e82e2, asked for a solution
2020.06.23 23:48:58.531 INFO  Model.MyModel - Servers are up
2020.06.23 23:49:00.883 INFO  Model.MyModel - Client: Client.Client@4e45697f asked for a new maze.
2020.06.23 23:49:00.895 INFO  Model.MyModel - Maze generated: 10 rows and 10 cols
2020.06.24 17:29:08.189 INFO  Model.MyModel - Servers are up
2020.06.24 17:36:01.185 INFO  Model.MyModel - Servers are up
2020.06.24 17:36:06.812 INFO  Model.MyModel - Client: Client.Client@4fd5f787 asked for a new maze.
2020.06.24 17:36:06.830 INFO  Model.MyModel - Maze generated: 10 rows and 10 cols
2020.06.24 18:11:38.916 INFO  Model.MyModel - Servers are up
2020.06.24 18:12:19.664 INFO  Model.MyModel - Servers are up
2020.06.24 18:12:22.593 INFO  Model.MyModel - Client: Client.Client@9ead1a9 asked for a new maze.
2020.06.24 18:12:22.605 INFO  Model.MyModel - Maze generated: 10 rows and 10 cols
2020.06.24 18:17:29.982 INFO  Model.MyModel - Servers are up
2020.06.24 18:17:32.172 INFO  Model.MyModel - Client: Client.Client@2c9c4f6d asked for a new maze.
2020.06.24 18:17:32.187 INFO  Model.MyModel - Maze generated: 10 rows and 10 cols
2020.06.24 18:17:33.591 INFO  Model.MyModel - Client: Client.Client@a781845, asked for a solution
2020.06.24 18:17:34.796 INFO  Model.MyModel - Client: Client.Client@409788e2 asked for a new maze.
2020.06.24 18:17:34.800 INFO  Model.MyModel - Maze generated: 10 rows and 10 cols
2020.06.24 18:17:35.557 INFO  Model.MyModel - Client: Client.Client@3a4620eb, asked for a solution
2020.06.24 18:17:36.171 INFO  Model.MyModel - Client: Client.Client@4ad214c2 asked for a new maze.
2020.06.24 18:17:36.174 INFO  Model.MyModel - Maze generated: 10 rows and 10 cols
2020.06.24 18:17:37.828 INFO  Model.MyModel - Client: Client.Client@4512f11d, asked for a solution
2020.06.24 18:17:38.869 INFO  Model.MyModel - Client: Client.Client@2a8246ff asked for a new maze.
2020.06.24 18:17:38.873 INFO  Model.MyModel - Maze generated: 10 rows and 10 cols
2020.06.24 18:17:39.457 INFO  Model.MyModel - Client: Client.Client@5cbeaf8a, asked for a solution
2020.06.24 18:18:25.372 INFO  Model.MyModel - Servers are up
2020.06.24 18:19:32.049 INFO  Model.MyModel - Servers are up
2020.06.24 18:21:37.698 INFO  Model.MyModel - Servers are up
2020.06.24 18:21:40.237 INFO  Model.MyModel - Client: Client.Client@635050ff asked for a new maze.
2020.06.24 18:21:40.249 INFO  Model.MyModel - Maze generated: 10 rows and 10 cols
2020.06.24 18:23:34.500 INFO  Model.MyModel - Servers are up
2020.06.24 18:25:20.782 INFO  Model.MyModel - Servers are up
2020.06.24 18:25:24.551 INFO  Model.MyModel - Client: Client.Client@5b4e6277 asked for a new maze.
2020.06.24 18:25:24.562 INFO  Model.MyModel - Maze generated: 10 rows and 10 cols
